{"Test":"Globals","level":"info","msg":"**************************Globals Initialized...","time":"2021-02-09T11:18:55Z"}
{"Test":"CIS","level":"info","msg":"CredentialReport init...","time":"2021-02-09T11:18:55Z"}
{"Test":"CIS","level":"info","msg":"Credential Rept generated","time":"2021-02-09T11:18:58Z"}
{"Num":"1.5 - 1.11","Test":"CIS","level":"info","msg":"Password Policy dump: {\n  PasswordPolicy: {\n    AllowUsersToChangePassword: false,\n    ExpirePasswords: false,\n    MinimumPasswordLength: 14,\n    RequireLowercaseCharacters: false,\n    RequireNumbers: false,\n    RequireSymbols: false,\n    RequireUppercaseCharacters: true\n  }\n}","time":"2021-02-09T11:18:58Z"}
{"Test":"CIS","level":"info","msg":"Test Compliance Starting...CIS AWS Foundations Benchmark controls............","time":"2021-02-09T11:18:58Z"}
{"Test":"CIS","level":"info","msg":"Ref: https://docs.aws.amazon.com/securityhub/latest/userguide/securityhub-cis-controls.html","time":"2021-02-09T11:18:58Z"}
{"Test":"CIS","level":"info","msg":"CredentialReport Run...","time":"2021-02-09T11:18:58Z"}
{"Num":1.12,"Result":"Passed","Test":"CIS","level":"info","msg":"RootAccessKeysDisabled","time":"2021-02-09T11:18:58Z"}
{"Test":"CIS","level":"info","msg":"ParseCredentialFile","time":"2021-02-09T11:18:58Z"}
{"Num":"1.2 1.13","Result":"Failed","Test":"CIS","level":"info","msg":"MFA Disabled for user: arn:aws:iam::329914591859:root","time":"2021-02-09T11:18:58Z"}
{"Num":"1.2 1.13","Result":"Failed","Test":"CIS","level":"info","msg":"MFA Disabled for user: arn:aws:iam::329914591859:user/admin","time":"2021-02-09T11:18:58Z"}
{"Num":"1.2 1.13","Result":"Failed","Test":"CIS","level":"info","msg":"MFA Disabled for user: arn:aws:iam::329914591859:user/coder","time":"2021-02-09T11:18:58Z"}
{"Num":"1.3","Result":"Failed","Test":"CIS","level":"info","msg":"AccessKey credentials never used for user: arn:aws:iam::329914591859:root","time":"2021-02-09T11:18:58Z"}
{"Num":"1.3","Result":"Failed","Test":"CIS","level":"info","msg":"AccessKey credentials never used for user: arn:aws:iam::329914591859:user/admin","time":"2021-02-09T11:18:58Z"}
{"Num":"1.3","Result":"Passed","Test":"CIS","level":"info","msg":"TimeLastUsedAccessKeys last hrs:618.5 for user: arn:aws:iam::329914591859:user/coder","time":"2021-02-09T11:18:58Z"}
{"Num":"1.4","Result":"Failed","Test":"CIS","level":"info","msg":"TimeLastRotatedAccessKeys more than 90 days, last rotated: 76847.7 for user: arn:aws:iam::329914591859:root","time":"2021-02-09T11:18:58Z"}
{"Num":"1.4","Result":"Passed","Test":"CIS","level":"info","msg":"TimeLastRotatedAccessKeys last rotated: 2131.0 for user: arn:aws:iam::329914591859:user/admin","time":"2021-02-09T11:18:58Z"}
{"Num":"1.4","Result":"Passed","Test":"CIS","level":"info","msg":"TimeLastRotatedAccessKeys last rotated: 1704.8 for user: arn:aws:iam::329914591859:user/coder","time":"2021-02-09T11:18:58Z"}
{"Num":1.16,"Test":"CIS","level":"info","msg":"policyAttachedToUserCheck for user: root","time":"2021-02-09T11:18:58Z"}
{"Num":1.16,"Test":"CIS","level":"info","msg":"policyAttachedToUserCheck for user: admin","time":"2021-02-09T11:18:58Z"}
{"Num":1.16,"Test":"CIS","level":"info","msg":"policyAttachedToUserCheck found for user: admin Policy: 0xc00010eda8","time":"2021-02-09T11:18:58Z"}
{"Num":1.16,"Test":"CIS","level":"info","msg":"policyAttachedToUserCheck for user: coder","time":"2021-02-09T11:18:58Z"}
{"Num":1.16,"Test":"CIS","level":"info","msg":"policyAttachedToUserCheck found for user: coder Policy: 0xc0000e2628","time":"2021-02-09T11:18:58Z"}
{"Num":1.16,"Result":"Failed","Test":"CIS","level":"info","msg":"No IAM Policy attachd to user","time":"2021-02-09T11:18:58Z"}
{"Num":1.17,"Test":"CIS","level":"info","msg":"Checking Policy: arn:aws:iam::329914591859:policy/CloudTrail-Watch","time":"2021-02-09T11:18:58Z"}
{"Num":1.17,"Test":"CIS","level":"info","msg":"Error retrieving policy doc: NoSuchEntity: Policy arn:aws:iam::329914591859:policy/CloudTrail-Watch version v2 does not exist or is not attachable.\n\tstatus code: 404, request id: 51991770-3a87-4687-92f0-e3b6b3dccbc7","time":"2021-02-09T11:18:58Z"}
{"Num":1.17,"Test":"CIS","level":"info","msg":"Checking Policy: arn:aws:iam::329914591859:policy/service-role/CloudTrailPolicyForCloudWatchLogs_c08f726c-acc4-474d-a64f-9d7860615fd8","time":"2021-02-09T11:18:58Z"}
{"Num":1.17,"Test":"CIS","level":"info","msg":"Error retrieving policy doc: NoSuchEntity: Policy arn:aws:iam::329914591859:policy/service-role/CloudTrailPolicyForCloudWatchLogs_c08f726c-acc4-474d-a64f-9d7860615fd8 version v2 does not exist or is not attachable.\n\tstatus code: 404, request id: 9520d1df-26fb-4cba-a7fb-890987a4390f","time":"2021-02-09T11:18:58Z"}
{"Num":1.17,"Test":"CIS","level":"info","msg":"Checking Policy: arn:aws:iam::329914591859:policy/KVCreateKey","time":"2021-02-09T11:18:58Z"}
{"Num":1.17,"Test":"CIS","level":"info","msg":"IAM Policy dump ******* {\n    \"Version\": \"2012-10-17\",\n    \"Statement\": [\n        {\n            \"Sid\": \"VisualEditor0\",\n            \"Effect\": \"Allow\",\n            \"Action\": [\n                \"kms:TagResource\",\n                \"kms:ScheduleKeyDeletion\",\n                \"kms:PutKeyPolicy\",\n                \"kms:CreateKey\",\n                \"kms:ListResourceTags\",\n                \"kms:CreateGrant\"\n            ],\n            \"Resource\": \"*\"\n        }\n    ]\n}","time":"2021-02-09T11:18:58Z"}
{"Num":1.17,"Result":"Passed","Test":"CIS","level":"info","msg":"IAM Policy disallows * access to all Resources, arn:aws:iam::329914591859:policy/KVCreateKey","time":"2021-02-09T11:18:58Z"}
{"Test":"CIS","level":"info","msg":"IAM Run...","time":"2021-02-09T11:18:58Z"}
{"Num":"1.5 - 1.8","Result":"Failed","Test":"CIS","level":"info","msg":"Password Policy doesn't require Uppercase/Lowercase Letters, Numbers and Symbols","time":"2021-02-09T11:18:58Z"}
{"Num":1.9,"Result":"Passed","Test":"CIS","level":"info","msg":"Minimum Password length is more than 14 chars","time":"2021-02-09T11:18:58Z"}
{"Num":1.1,"Result":"Failed","Test":"CIS","level":"info","msg":"Password reuse policy \u003c 3 days or not set - CIS 1.10 failed","time":"2021-02-09T11:18:58Z"}
{"Num":1.11,"Result":"Failed","Test":"CIS","level":"info","msg":"Passwords don't expire after at least 90 days","time":"2021-02-09T11:18:58Z"}
{"Num":1.14,"Result":"Failed","Test":"CIS","level":"info","msg":"MFA not enabled for admin","time":"2021-02-09T11:18:58Z"}
{"Test":"CIS","level":"info","msg":"CloudTrail Run...","time":"2021-02-09T11:18:58Z"}
{"Test":"CIS","level":"info","msg":"Found trail len: 1","time":"2021-02-09T11:18:58Z"}
{"Num":2.1,"Result":"Passed","Test":"CIS","level":"info","msg":"CloudTrail is enabled","time":"2021-02-09T11:18:58Z"}
{"Test":"CIS","level":"info","msg":"Found Trail: management-events Bucket: aws-cloudtrail-logs-329914591859-9caee3eb","time":"2021-02-09T11:18:58Z"}
{"Num":2.2,"Result":"Passed","Test":"CIS","level":"info","msg":"CloudTrail LogFileValidationEnabled is enabled for trail: management-events","time":"2021-02-09T11:18:58Z"}
{"Num":2.3,"Test":"CIS","level":"info","msg":"Search S3 Bucket for CloudTrail: aws-cloudtrail-logs-329914591859-9caee3eb","time":"2021-02-09T11:18:58Z"}
{"Num":2.3,"Result":"Passed","Test":"CIS","level":"info","msg":"S3 Bucket found..: ","time":"2021-02-09T11:18:58Z"}
{"Num":2.3,"Result":"Failed","Test":"CIS","level":"info","msg":"S3 Bucket Policy: {\n  \"Version\": \"2012-10-17\",\n  \"Statement\": [\n    {\n      \"Sid\": \"AWSCloudTrailAclCheck20150319\",\n      \"Effect\": \"Allow\",\n      \"Principal\": {\n        \"Service\": \"cloudtrail.amazonaws.com\"\n      },\n      \"Action\": \"s3:GetBucketAcl\",\n      \"Resource\": \"arn:aws:s3:::aws-cloudtrail-logs-329914591859-9caee3eb\"\n    },\n    {\n      \"Sid\": \"AWSCloudTrailWrite20150319\",\n      \"Effect\": \"Allow\",\n      \"Principal\": {\n        \"Service\": \"cloudtrail.amazonaws.com\"\n      },\n      \"Action\": \"s3:PutObject\",\n      \"Resource\": \"arn:aws:s3:::aws-cloudtrail-logs-329914591859-9caee3eb/AWSLogs/329914591859/*\",\n      \"Condition\": {\n        \"StringEquals\": {\n          \"s3:x-amz-acl\": \"bucket-owner-full-control\"\n        }\n      }\n    }\n  ]\n}","time":"2021-02-09T11:18:58Z"}
{"Num":2.3,"Result":"Passed","Test":"CIS","level":"info","msg":"S3 Policy does not allows Public access: ","time":"2021-02-09T11:18:58Z"}
{"Num":2.6,"Result":"Failed","Test":"CIS","level":"info","msg":"Cloudtrail S3 logging disabled","time":"2021-02-09T11:18:58Z"}
{"Num":2.4,"Result":"Passed","Test":"CIS","level":"info","msg":"CloudTrail CloudWatch integration done: arn:aws:logs:us-east-1:329914591859:log-group:aws-cloudtrail-mgmtevents-329914591859-4daa8320:*","time":"2021-02-09T11:18:58Z"}
{"Num":2.5,"Result":"Passed","Test":"CIS","level":"info","msg":"CloudTrail IsMultiRegionTrail done","time":"2021-02-09T11:18:58Z"}
{"Num":2.7,"Result":"Failed","Test":"CIS","level":"info","msg":"CloudTrail KmsKeyId is not set","time":"2021-02-09T11:18:58Z"}
{"Num":2.9,"Result":"Failed","Test":"CIS","level":"info","msg":"CloudTrail Flowlogs disabled: {\n\n}","time":"2021-02-09T11:18:58Z"}
{"Test":"CIS","level":"info","msg":"CloudWatch Run...","time":"2021-02-09T11:18:58Z"}
{"Test":"CIS","level":"info","msg":"CloudWatch Groups: {\n  LogGroups: [{\n      Arn: \"arn:aws:logs:us-east-1:329914591859:log-group:aws-cloudtrail-mgmtevents-329914591859-4daa8320:*\",\n      CreationTime: 1612328962385,\n      LogGroupName: \"aws-cloudtrail-mgmtevents-329914591859-4daa8320\",\n      MetricFilterCount: 2,\n      StoredBytes: 1670233\n    }]\n}","time":"2021-02-09T11:18:58Z"}
{"Num":3.3,"Result":"Passed","Test":"CIS","level":"info","msg":"CloudWatch Log Metric Filter checking found: {\n  CreationTime: 1612336899516,\n  FilterName: \"CheckForRoot\",\n  FilterPattern: \"{ $.userIdentity.type = \\\"Root\\\" }\",\n  LogGroupName: \"aws-cloudtrail-mgmtevents-329914591859-4daa8320\",\n  MetricTransformations: [{\n      MetricName: \"MetricCritical\",\n      MetricNamespace: \"CISChecks\",\n      MetricValue: \"1\"\n    }]\n}","time":"2021-02-09T11:18:58Z"}
{"Num":3.3,"Result":"Passed","Test":"CIS","level":"info","msg":"CloudWatch Log Metric Filter checking found: {\n  CreationTime: 1612514568323,\n  FilterName: \"UnauthAccess\",\n  FilterPattern: \"{ ($.errorCode = \\\"*UnauthorizedOperation\\\") || ($.errorCode = \\\"AccessDenied*\\\") }\",\n  LogGroupName: \"aws-cloudtrail-mgmtevents-329914591859-4daa8320\",\n  MetricTransformations: [{\n      MetricName: \"UnauthAccess\",\n      MetricNamespace: \"CISChecks\",\n      MetricValue: \"1\"\n    }]\n}","time":"2021-02-09T11:18:58Z"}
{"Test":"CIS","level":"info","msg":"Test Compliance Completed...CIS AWS Foundations Benchmark controls............","time":"2021-02-09T11:18:58Z"}
{"Test":"Inspector","level":"info","msg":"**************************** AWS Inspector ***********************************","time":"2021-02-09T11:18:58Z"}
{"Test":"Inspector","level":"info","msg":"Test Completed......AWS Inspector...........","time":"2021-02-09T11:18:58Z"}
{"Test":"SecurityHub","level":"info","msg":"**************************** AWS Security Hub *******************************","time":"2021-02-09T11:18:58Z"}
{"Test":"SecurityHub","level":"info","msg":"Not Enabled: ResourceConflictException: Account is already subscribed to Security Hub\n{\n  RespMetadata: {\n    StatusCode: 409,\n    RequestID: \"17ce5a31-6582-44c4-80dd-ef6d4788037e\"\n  },\n  Code_: \"ResourceConflictException\",\n  Message_: \"Account is already subscribed to Security Hub\"\n}","time":"2021-02-09T11:18:59Z"}
{"Test":"SecurityHub","level":"info","msg":"SecurityHub Run...","time":"2021-02-09T11:18:59Z"}
{"Test":"SecurityHub","level":"info","msg":"GetEnabledStandards: [{\n  StandardsArn: \"arn:aws:securityhub:::ruleset/cis-aws-foundations-benchmark/v/1.2.0\",\n  StandardsInput: {\n\n  },\n  StandardsStatus: \"INCOMPLETE\",\n  StandardsSubscriptionArn: \"arn:aws:securityhub:us-east-1:329914591859:subscription/cis-aws-foundations-benchmark/v/1.2.0\"\n} {\n  StandardsArn: \"arn:aws:securityhub:us-east-1::standards/aws-foundational-security-best-practices/v/1.0.0\",\n  StandardsInput: {\n\n  },\n  StandardsStatus: \"READY\",\n  StandardsSubscriptionArn: \"arn:aws:securityhub:us-east-1:329914591859:subscription/aws-foundational-security-best-practices/v/1.0.0\"\n}]","time":"2021-02-09T11:18:59Z"}
{"Test":"SecurityHub","level":"info","msg":"Test Completed......AWS Security Hub............","time":"2021-02-09T11:18:59Z"}
{"Test":"Globals","level":"info","msg":"**************************Globals Initialized...","time":"2021-02-09T11:19:50Z"}
{"Test":"CIS","level":"info","msg":"CredentialReport init...","time":"2021-02-09T11:19:50Z"}
{"Test":"CIS","level":"info","msg":"Credential Rept generated","time":"2021-02-09T11:19:54Z"}
{"Num":"1.5 - 1.11","Test":"CIS","level":"info","msg":"Password Policy dump: {\n  PasswordPolicy: {\n    AllowUsersToChangePassword: false,\n    ExpirePasswords: false,\n    MinimumPasswordLength: 14,\n    RequireLowercaseCharacters: false,\n    RequireNumbers: false,\n    RequireSymbols: false,\n    RequireUppercaseCharacters: true\n  }\n}","time":"2021-02-09T11:19:54Z"}
{"Test":"CIS","level":"info","msg":"Test Compliance Starting...CIS AWS Foundations Benchmark controls............","time":"2021-02-09T11:19:54Z"}
{"Test":"CIS","level":"info","msg":"Ref: https://docs.aws.amazon.com/securityhub/latest/userguide/securityhub-cis-controls.html","time":"2021-02-09T11:19:54Z"}
{"Test":"CIS","level":"info","msg":"CloudTrail Run...","time":"2021-02-09T11:19:54Z"}
{"Test":"CIS","level":"info","msg":"Found trail len: 1","time":"2021-02-09T11:19:54Z"}
{"Num":2.1,"Result":"Passed","Test":"CIS","level":"info","msg":"CloudTrail is enabled","time":"2021-02-09T11:19:54Z"}
{"Test":"CIS","level":"info","msg":"Found Trail: management-events Bucket: aws-cloudtrail-logs-329914591859-9caee3eb","time":"2021-02-09T11:19:54Z"}
{"Num":2.2,"Result":"Passed","Test":"CIS","level":"info","msg":"CloudTrail LogFileValidationEnabled is enabled for trail: management-events","time":"2021-02-09T11:19:54Z"}
{"Num":2.3,"Test":"CIS","level":"info","msg":"Search S3 Bucket for CloudTrail: aws-cloudtrail-logs-329914591859-9caee3eb","time":"2021-02-09T11:19:54Z"}
{"Num":2.3,"Result":"Passed","Test":"CIS","level":"info","msg":"S3 Bucket found..: ","time":"2021-02-09T11:19:54Z"}
{"Num":2.3,"Result":"Failed","Test":"CIS","level":"info","msg":"S3 Bucket Policy: {\n  \"Version\": \"2012-10-17\",\n  \"Statement\": [\n    {\n      \"Sid\": \"AWSCloudTrailAclCheck20150319\",\n      \"Effect\": \"Allow\",\n      \"Principal\": {\n        \"Service\": \"cloudtrail.amazonaws.com\"\n      },\n      \"Action\": \"s3:GetBucketAcl\",\n      \"Resource\": \"arn:aws:s3:::aws-cloudtrail-logs-329914591859-9caee3eb\"\n    },\n    {\n      \"Sid\": \"AWSCloudTrailWrite20150319\",\n      \"Effect\": \"Allow\",\n      \"Principal\": {\n        \"Service\": \"cloudtrail.amazonaws.com\"\n      },\n      \"Action\": \"s3:PutObject\",\n      \"Resource\": \"arn:aws:s3:::aws-cloudtrail-logs-329914591859-9caee3eb/AWSLogs/329914591859/*\",\n      \"Condition\": {\n        \"StringEquals\": {\n          \"s3:x-amz-acl\": \"bucket-owner-full-control\"\n        }\n      }\n    }\n  ]\n}","time":"2021-02-09T11:19:54Z"}
{"Num":2.3,"Result":"Passed","Test":"CIS","level":"info","msg":"S3 Policy does not allows Public access: ","time":"2021-02-09T11:19:54Z"}
{"Num":2.6,"Result":"Failed","Test":"CIS","level":"info","msg":"Cloudtrail S3 logging disabled","time":"2021-02-09T11:19:54Z"}
{"Num":2.4,"Result":"Passed","Test":"CIS","level":"info","msg":"CloudTrail CloudWatch integration done: arn:aws:logs:us-east-1:329914591859:log-group:aws-cloudtrail-mgmtevents-329914591859-4daa8320:*","time":"2021-02-09T11:19:54Z"}
{"Num":2.5,"Result":"Passed","Test":"CIS","level":"info","msg":"CloudTrail IsMultiRegionTrail done","time":"2021-02-09T11:19:54Z"}
{"Num":2.7,"Result":"Failed","Test":"CIS","level":"info","msg":"CloudTrail KmsKeyId is not set","time":"2021-02-09T11:19:54Z"}
{"Num":2.9,"Result":"Failed","Test":"CIS","level":"info","msg":"CloudTrail Flowlogs disabled: {\n\n}","time":"2021-02-09T11:19:54Z"}
{"Test":"CIS","level":"info","msg":"CloudWatch Run...","time":"2021-02-09T11:19:54Z"}
{"Test":"CIS","level":"info","msg":"CloudWatch Groups: {\n  LogGroups: [{\n      Arn: \"arn:aws:logs:us-east-1:329914591859:log-group:aws-cloudtrail-mgmtevents-329914591859-4daa8320:*\",\n      CreationTime: 1612328962385,\n      LogGroupName: \"aws-cloudtrail-mgmtevents-329914591859-4daa8320\",\n      MetricFilterCount: 2,\n      StoredBytes: 1670233\n    }]\n}","time":"2021-02-09T11:19:55Z"}
{"Num":3.3,"Result":"Passed","Test":"CIS","level":"info","msg":"CloudWatch Log Metric Filter checking found: {\n  CreationTime: 1612336899516,\n  FilterName: \"CheckForRoot\",\n  FilterPattern: \"{ $.userIdentity.type = \\\"Root\\\" }\",\n  LogGroupName: \"aws-cloudtrail-mgmtevents-329914591859-4daa8320\",\n  MetricTransformations: [{\n      MetricName: \"MetricCritical\",\n      MetricNamespace: \"CISChecks\",\n      MetricValue: \"1\"\n    }]\n}","time":"2021-02-09T11:19:55Z"}
{"Num":3.3,"Result":"Passed","Test":"CIS","level":"info","msg":"CloudWatch Log Metric Filter checking found: {\n  CreationTime: 1612514568323,\n  FilterName: \"UnauthAccess\",\n  FilterPattern: \"{ ($.errorCode = \\\"*UnauthorizedOperation\\\") || ($.errorCode = \\\"AccessDenied*\\\") }\",\n  LogGroupName: \"aws-cloudtrail-mgmtevents-329914591859-4daa8320\",\n  MetricTransformations: [{\n      MetricName: \"UnauthAccess\",\n      MetricNamespace: \"CISChecks\",\n      MetricValue: \"1\"\n    }]\n}","time":"2021-02-09T11:19:55Z"}
{"Test":"CIS","level":"info","msg":"CredentialReport Run...","time":"2021-02-09T11:19:55Z"}
{"Num":1.12,"Result":"Passed","Test":"CIS","level":"info","msg":"RootAccessKeysDisabled","time":"2021-02-09T11:19:55Z"}
{"Test":"CIS","level":"info","msg":"ParseCredentialFile","time":"2021-02-09T11:19:55Z"}
{"Num":"1.2 1.13","Result":"Failed","Test":"CIS","level":"info","msg":"MFA Disabled for user: arn:aws:iam::329914591859:root","time":"2021-02-09T11:19:55Z"}
{"Num":"1.2 1.13","Result":"Failed","Test":"CIS","level":"info","msg":"MFA Disabled for user: arn:aws:iam::329914591859:user/admin","time":"2021-02-09T11:19:55Z"}
{"Num":"1.2 1.13","Result":"Failed","Test":"CIS","level":"info","msg":"MFA Disabled for user: arn:aws:iam::329914591859:user/coder","time":"2021-02-09T11:19:55Z"}
{"Num":"1.3","Result":"Failed","Test":"CIS","level":"info","msg":"AccessKey credentials never used for user: arn:aws:iam::329914591859:root","time":"2021-02-09T11:19:55Z"}
{"Num":"1.3","Result":"Failed","Test":"CIS","level":"info","msg":"AccessKey credentials never used for user: arn:aws:iam::329914591859:user/admin","time":"2021-02-09T11:19:55Z"}
{"Num":"1.3","Result":"Passed","Test":"CIS","level":"info","msg":"TimeLastUsedAccessKeys last hrs:618.5 for user: arn:aws:iam::329914591859:user/coder","time":"2021-02-09T11:19:55Z"}
{"Num":"1.4","Result":"Failed","Test":"CIS","level":"info","msg":"TimeLastRotatedAccessKeys more than 90 days, last rotated: 76847.7 for user: arn:aws:iam::329914591859:root","time":"2021-02-09T11:19:55Z"}
{"Num":"1.4","Result":"Passed","Test":"CIS","level":"info","msg":"TimeLastRotatedAccessKeys last rotated: 2131.0 for user: arn:aws:iam::329914591859:user/admin","time":"2021-02-09T11:19:55Z"}
{"Num":"1.4","Result":"Passed","Test":"CIS","level":"info","msg":"TimeLastRotatedAccessKeys last rotated: 1704.9 for user: arn:aws:iam::329914591859:user/coder","time":"2021-02-09T11:19:55Z"}
{"Num":1.16,"Test":"CIS","level":"info","msg":"policyAttachedToUserCheck for user: root","time":"2021-02-09T11:19:55Z"}
{"Num":1.16,"Test":"CIS","level":"info","msg":"policyAttachedToUserCheck for user: admin","time":"2021-02-09T11:19:55Z"}
{"Num":1.16,"Test":"CIS","level":"info","msg":"policyAttachedToUserCheck found for user: admin Policy: 0xc000458808","time":"2021-02-09T11:19:55Z"}
{"Num":1.16,"Test":"CIS","level":"info","msg":"policyAttachedToUserCheck for user: coder","time":"2021-02-09T11:19:55Z"}
{"Num":1.16,"Test":"CIS","level":"info","msg":"policyAttachedToUserCheck found for user: coder Policy: 0xc000350fe8","time":"2021-02-09T11:19:55Z"}
{"Num":1.16,"Result":"Failed","Test":"CIS","level":"info","msg":"No IAM Policy attachd to user","time":"2021-02-09T11:19:55Z"}
{"Num":1.17,"Test":"CIS","level":"info","msg":"Checking Policy: arn:aws:iam::329914591859:policy/CloudTrail-Watch","time":"2021-02-09T11:19:55Z"}
{"Num":1.17,"Test":"CIS","level":"info","msg":"Error retrieving policy doc: NoSuchEntity: Policy arn:aws:iam::329914591859:policy/CloudTrail-Watch version v2 does not exist or is not attachable.\n\tstatus code: 404, request id: 41a55e40-f080-4508-baad-041f328651fc","time":"2021-02-09T11:19:55Z"}
{"Num":1.17,"Test":"CIS","level":"info","msg":"Checking Policy: arn:aws:iam::329914591859:policy/service-role/CloudTrailPolicyForCloudWatchLogs_c08f726c-acc4-474d-a64f-9d7860615fd8","time":"2021-02-09T11:19:55Z"}
{"Num":1.17,"Test":"CIS","level":"info","msg":"Error retrieving policy doc: NoSuchEntity: Policy arn:aws:iam::329914591859:policy/service-role/CloudTrailPolicyForCloudWatchLogs_c08f726c-acc4-474d-a64f-9d7860615fd8 version v2 does not exist or is not attachable.\n\tstatus code: 404, request id: 44903530-3484-4bc5-91f1-c8838c7ec8c6","time":"2021-02-09T11:19:55Z"}
{"Num":1.17,"Test":"CIS","level":"info","msg":"Checking Policy: arn:aws:iam::329914591859:policy/KVCreateKey","time":"2021-02-09T11:19:55Z"}
{"Num":1.17,"Test":"CIS","level":"info","msg":"IAM Policy dump ******* {\n    \"Version\": \"2012-10-17\",\n    \"Statement\": [\n        {\n            \"Sid\": \"VisualEditor0\",\n            \"Effect\": \"Allow\",\n            \"Action\": [\n                \"kms:TagResource\",\n                \"kms:ScheduleKeyDeletion\",\n                \"kms:PutKeyPolicy\",\n                \"kms:CreateKey\",\n                \"kms:ListResourceTags\",\n                \"kms:CreateGrant\"\n            ],\n            \"Resource\": \"*\"\n        }\n    ]\n}","time":"2021-02-09T11:19:55Z"}
{"Num":1.17,"Result":"Passed","Test":"CIS","level":"info","msg":"IAM Policy disallows * access to all Resources, arn:aws:iam::329914591859:policy/KVCreateKey","time":"2021-02-09T11:19:55Z"}
{"Test":"CIS","level":"info","msg":"IAM Run...","time":"2021-02-09T11:19:55Z"}
{"Num":"1.5 - 1.8","Result":"Failed","Test":"CIS","level":"info","msg":"Password Policy doesn't require Uppercase/Lowercase Letters, Numbers and Symbols","time":"2021-02-09T11:19:55Z"}
{"Num":1.9,"Result":"Passed","Test":"CIS","level":"info","msg":"Minimum Password length is more than 14 chars","time":"2021-02-09T11:19:55Z"}
{"Num":1.1,"Result":"Failed","Test":"CIS","level":"info","msg":"Password reuse policy \u003c 3 days or not set - CIS 1.10 failed","time":"2021-02-09T11:19:55Z"}
{"Num":1.11,"Result":"Failed","Test":"CIS","level":"info","msg":"Passwords don't expire after at least 90 days","time":"2021-02-09T11:19:55Z"}
{"Num":1.14,"Result":"Failed","Test":"CIS","level":"info","msg":"MFA not enabled for admin","time":"2021-02-09T11:19:55Z"}
{"Test":"CIS","level":"info","msg":"Test Compliance Completed...CIS AWS Foundations Benchmark controls............","time":"2021-02-09T11:19:55Z"}
{"Test":"Inspector","level":"info","msg":"**************************** AWS Inspector ***********************************","time":"2021-02-09T11:19:55Z"}
{"Test":"Inspector","level":"info","msg":"Test Completed......AWS Inspector...........","time":"2021-02-09T11:19:55Z"}
{"Test":"SecurityHub","level":"info","msg":"**************************** AWS Security Hub *******************************","time":"2021-02-09T11:19:55Z"}
{"Test":"SecurityHub","level":"info","msg":"Not Enabled: ResourceConflictException: Account is already subscribed to Security Hub\n{\n  RespMetadata: {\n    StatusCode: 409,\n    RequestID: \"1b8311b3-5063-4a3d-b00f-68a43e743613\"\n  },\n  Code_: \"ResourceConflictException\",\n  Message_: \"Account is already subscribed to Security Hub\"\n}","time":"2021-02-09T11:19:55Z"}
{"Test":"SecurityHub","level":"info","msg":"Enabled","time":"2021-02-09T11:19:55Z"}
{"Test":"SecurityHub","level":"info","msg":"SecurityHub Run...","time":"2021-02-09T11:19:55Z"}
{"Test":"SecurityHub","level":"info","msg":"GetEnabledStandards: [{\n  StandardsArn: \"arn:aws:securityhub:::ruleset/cis-aws-foundations-benchmark/v/1.2.0\",\n  StandardsInput: {\n\n  },\n  StandardsStatus: \"INCOMPLETE\",\n  StandardsSubscriptionArn: \"arn:aws:securityhub:us-east-1:329914591859:subscription/cis-aws-foundations-benchmark/v/1.2.0\"\n} {\n  StandardsArn: \"arn:aws:securityhub:us-east-1::standards/aws-foundational-security-best-practices/v/1.0.0\",\n  StandardsInput: {\n\n  },\n  StandardsStatus: \"READY\",\n  StandardsSubscriptionArn: \"arn:aws:securityhub:us-east-1:329914591859:subscription/aws-foundational-security-best-practices/v/1.0.0\"\n}]","time":"2021-02-09T11:19:55Z"}
{"Test":"SecurityHub","level":"info","msg":"Test Completed......AWS Security Hub............","time":"2021-02-09T11:19:55Z"}
{"Test":"Globals","level":"info","msg":"**************************Globals Initialized...","time":"2021-02-09T11:21:34Z"}
{"Test":"CIS","level":"info","msg":"CredentialReport init...","time":"2021-02-09T11:21:34Z"}
{"Test":"CIS","level":"info","msg":"Credential Rept generated","time":"2021-02-09T11:21:34Z"}
{"Num":"1.5 - 1.11","Test":"CIS","level":"info","msg":"Password Policy dump: {\n  PasswordPolicy: {\n    AllowUsersToChangePassword: false,\n    ExpirePasswords: false,\n    MinimumPasswordLength: 14,\n    RequireLowercaseCharacters: false,\n    RequireNumbers: false,\n    RequireSymbols: false,\n    RequireUppercaseCharacters: true\n  }\n}","time":"2021-02-09T11:21:34Z"}
{"Test":"CIS","level":"info","msg":"Test Compliance Starting...CIS AWS Foundations Benchmark controls............","time":"2021-02-09T11:21:34Z"}
{"Test":"CIS","level":"info","msg":"Ref: https://docs.aws.amazon.com/securityhub/latest/userguide/securityhub-cis-controls.html","time":"2021-02-09T11:21:34Z"}
{"Test":"CIS","level":"info","msg":"CredentialReport Run...","time":"2021-02-09T11:21:34Z"}
{"Num":1.12,"Result":"Passed","Test":"CIS","level":"info","msg":"RootAccessKeysDisabled","time":"2021-02-09T11:21:34Z"}
{"Test":"CIS","level":"info","msg":"ParseCredentialFile","time":"2021-02-09T11:21:34Z"}
{"Num":"1.2 1.13","Result":"Failed","Test":"CIS","level":"info","msg":"MFA Disabled for user: arn:aws:iam::329914591859:root","time":"2021-02-09T11:21:34Z"}
{"Num":"1.2 1.13","Result":"Failed","Test":"CIS","level":"info","msg":"MFA Disabled for user: arn:aws:iam::329914591859:user/admin","time":"2021-02-09T11:21:34Z"}
{"Num":"1.2 1.13","Result":"Failed","Test":"CIS","level":"info","msg":"MFA Disabled for user: arn:aws:iam::329914591859:user/coder","time":"2021-02-09T11:21:34Z"}
{"Num":"1.3","Result":"Failed","Test":"CIS","level":"info","msg":"AccessKey credentials never used for user: arn:aws:iam::329914591859:root","time":"2021-02-09T11:21:34Z"}
{"Num":"1.3","Result":"Failed","Test":"CIS","level":"info","msg":"AccessKey credentials never used for user: arn:aws:iam::329914591859:user/admin","time":"2021-02-09T11:21:34Z"}
{"Num":"1.3","Result":"Passed","Test":"CIS","level":"info","msg":"TimeLastUsedAccessKeys last hrs:618.6 for user: arn:aws:iam::329914591859:user/coder","time":"2021-02-09T11:21:34Z"}
{"Num":"1.4","Result":"Failed","Test":"CIS","level":"info","msg":"TimeLastRotatedAccessKeys more than 90 days, last rotated: 76847.7 for user: arn:aws:iam::329914591859:root","time":"2021-02-09T11:21:34Z"}
{"Num":"1.4","Result":"Passed","Test":"CIS","level":"info","msg":"TimeLastRotatedAccessKeys last rotated: 2131.0 for user: arn:aws:iam::329914591859:user/admin","time":"2021-02-09T11:21:34Z"}
{"Num":"1.4","Result":"Passed","Test":"CIS","level":"info","msg":"TimeLastRotatedAccessKeys last rotated: 1704.9 for user: arn:aws:iam::329914591859:user/coder","time":"2021-02-09T11:21:34Z"}
{"Num":1.16,"Test":"CIS","level":"info","msg":"policyAttachedToUserCheck for user: root","time":"2021-02-09T11:21:34Z"}
{"Num":1.16,"Test":"CIS","level":"info","msg":"policyAttachedToUserCheck for user: admin","time":"2021-02-09T11:21:34Z"}
{"Num":1.16,"Test":"CIS","level":"info","msg":"policyAttachedToUserCheck found for user: admin Policy: 0xc00019ddc8","time":"2021-02-09T11:21:35Z"}
{"Num":1.16,"Test":"CIS","level":"info","msg":"policyAttachedToUserCheck for user: coder","time":"2021-02-09T11:21:35Z"}
{"Num":1.16,"Test":"CIS","level":"info","msg":"policyAttachedToUserCheck found for user: coder Policy: 0xc0002ded48","time":"2021-02-09T11:21:35Z"}
{"Num":1.16,"Result":"Failed","Test":"CIS","level":"info","msg":"No IAM Policy attachd to user","time":"2021-02-09T11:21:35Z"}
{"Num":1.17,"Test":"CIS","level":"info","msg":"Checking Policy: arn:aws:iam::329914591859:policy/CloudTrail-Watch","time":"2021-02-09T11:21:35Z"}
{"Num":1.17,"Test":"CIS","level":"info","msg":"Error retrieving policy doc: NoSuchEntity: Policy arn:aws:iam::329914591859:policy/CloudTrail-Watch version v2 does not exist or is not attachable.\n\tstatus code: 404, request id: 4c607316-1816-4e3f-9ac9-a8af670df650","time":"2021-02-09T11:21:35Z"}
{"Num":1.17,"Test":"CIS","level":"info","msg":"Checking Policy: arn:aws:iam::329914591859:policy/service-role/CloudTrailPolicyForCloudWatchLogs_c08f726c-acc4-474d-a64f-9d7860615fd8","time":"2021-02-09T11:21:35Z"}
{"Num":1.17,"Test":"CIS","level":"info","msg":"Error retrieving policy doc: NoSuchEntity: Policy arn:aws:iam::329914591859:policy/service-role/CloudTrailPolicyForCloudWatchLogs_c08f726c-acc4-474d-a64f-9d7860615fd8 version v2 does not exist or is not attachable.\n\tstatus code: 404, request id: 7de87e1d-bfcb-469f-aec6-cbf8f29c106d","time":"2021-02-09T11:21:35Z"}
{"Num":1.17,"Test":"CIS","level":"info","msg":"Checking Policy: arn:aws:iam::329914591859:policy/KVCreateKey","time":"2021-02-09T11:21:35Z"}
{"Num":1.17,"Test":"CIS","level":"info","msg":"IAM Policy dump ******* {\n    \"Version\": \"2012-10-17\",\n    \"Statement\": [\n        {\n            \"Sid\": \"VisualEditor0\",\n            \"Effect\": \"Allow\",\n            \"Action\": [\n                \"kms:TagResource\",\n                \"kms:ScheduleKeyDeletion\",\n                \"kms:PutKeyPolicy\",\n                \"kms:CreateKey\",\n                \"kms:ListResourceTags\",\n                \"kms:CreateGrant\"\n            ],\n            \"Resource\": \"*\"\n        }\n    ]\n}","time":"2021-02-09T11:21:35Z"}
{"Num":1.17,"Result":"Passed","Test":"CIS","level":"info","msg":"IAM Policy disallows * access to all Resources, arn:aws:iam::329914591859:policy/KVCreateKey","time":"2021-02-09T11:21:35Z"}
{"Test":"CIS","level":"info","msg":"IAM Run...","time":"2021-02-09T11:21:35Z"}
{"Num":"1.5 - 1.8","Result":"Failed","Test":"CIS","level":"info","msg":"Password Policy doesn't require Uppercase/Lowercase Letters, Numbers and Symbols","time":"2021-02-09T11:21:35Z"}
{"Num":1.9,"Result":"Passed","Test":"CIS","level":"info","msg":"Minimum Password length is more than 14 chars","time":"2021-02-09T11:21:35Z"}
{"Num":1.1,"Result":"Failed","Test":"CIS","level":"info","msg":"Password reuse policy \u003c 3 days or not set - CIS 1.10 failed","time":"2021-02-09T11:21:35Z"}
{"Num":1.11,"Result":"Failed","Test":"CIS","level":"info","msg":"Passwords don't expire after at least 90 days","time":"2021-02-09T11:21:35Z"}
{"Num":1.14,"Result":"Failed","Test":"CIS","level":"info","msg":"MFA not enabled for admin","time":"2021-02-09T11:21:35Z"}
{"Test":"CIS","level":"info","msg":"CloudTrail Run...","time":"2021-02-09T11:21:35Z"}
{"Test":"CIS","level":"info","msg":"Found trail len: 1","time":"2021-02-09T11:21:35Z"}
{"Num":2.1,"Result":"Passed","Test":"CIS","level":"info","msg":"CloudTrail is enabled","time":"2021-02-09T11:21:35Z"}
{"Test":"CIS","level":"info","msg":"Found Trail: management-events Bucket: aws-cloudtrail-logs-329914591859-9caee3eb","time":"2021-02-09T11:21:35Z"}
{"Num":2.2,"Result":"Passed","Test":"CIS","level":"info","msg":"CloudTrail LogFileValidationEnabled is enabled for trail: management-events","time":"2021-02-09T11:21:35Z"}
{"Num":2.3,"Test":"CIS","level":"info","msg":"Search S3 Bucket for CloudTrail: aws-cloudtrail-logs-329914591859-9caee3eb","time":"2021-02-09T11:21:35Z"}
{"Num":2.3,"Result":"Passed","Test":"CIS","level":"info","msg":"S3 Bucket found..: ","time":"2021-02-09T11:21:35Z"}
{"Num":2.3,"Result":"Failed","Test":"CIS","level":"info","msg":"S3 Bucket Policy: {\n  \"Version\": \"2012-10-17\",\n  \"Statement\": [\n    {\n      \"Sid\": \"AWSCloudTrailAclCheck20150319\",\n      \"Effect\": \"Allow\",\n      \"Principal\": {\n        \"Service\": \"cloudtrail.amazonaws.com\"\n      },\n      \"Action\": \"s3:GetBucketAcl\",\n      \"Resource\": \"arn:aws:s3:::aws-cloudtrail-logs-329914591859-9caee3eb\"\n    },\n    {\n      \"Sid\": \"AWSCloudTrailWrite20150319\",\n      \"Effect\": \"Allow\",\n      \"Principal\": {\n        \"Service\": \"cloudtrail.amazonaws.com\"\n      },\n      \"Action\": \"s3:PutObject\",\n      \"Resource\": \"arn:aws:s3:::aws-cloudtrail-logs-329914591859-9caee3eb/AWSLogs/329914591859/*\",\n      \"Condition\": {\n        \"StringEquals\": {\n          \"s3:x-amz-acl\": \"bucket-owner-full-control\"\n        }\n      }\n    }\n  ]\n}","time":"2021-02-09T11:21:35Z"}
{"Num":2.3,"Result":"Passed","Test":"CIS","level":"info","msg":"S3 Policy does not allows Public access: ","time":"2021-02-09T11:21:35Z"}
{"Num":2.6,"Result":"Failed","Test":"CIS","level":"info","msg":"Cloudtrail S3 logging disabled","time":"2021-02-09T11:21:35Z"}
{"Num":2.4,"Result":"Passed","Test":"CIS","level":"info","msg":"CloudTrail CloudWatch integration done: arn:aws:logs:us-east-1:329914591859:log-group:aws-cloudtrail-mgmtevents-329914591859-4daa8320:*","time":"2021-02-09T11:21:35Z"}
{"Num":2.5,"Result":"Passed","Test":"CIS","level":"info","msg":"CloudTrail IsMultiRegionTrail done","time":"2021-02-09T11:21:35Z"}
{"Num":2.7,"Result":"Failed","Test":"CIS","level":"info","msg":"CloudTrail KmsKeyId is not set","time":"2021-02-09T11:21:35Z"}
{"Num":2.9,"Result":"Failed","Test":"CIS","level":"info","msg":"CloudTrail Flowlogs disabled: {\n\n}","time":"2021-02-09T11:21:35Z"}
{"Test":"CIS","level":"info","msg":"CloudWatch Run...","time":"2021-02-09T11:21:35Z"}
{"Test":"CIS","level":"info","msg":"CloudWatch Groups: {\n  LogGroups: [{\n      Arn: \"arn:aws:logs:us-east-1:329914591859:log-group:aws-cloudtrail-mgmtevents-329914591859-4daa8320:*\",\n      CreationTime: 1612328962385,\n      LogGroupName: \"aws-cloudtrail-mgmtevents-329914591859-4daa8320\",\n      MetricFilterCount: 2,\n      StoredBytes: 1670233\n    }]\n}","time":"2021-02-09T11:21:35Z"}
{"Num":3.3,"Result":"Passed","Test":"CIS","level":"info","msg":"CloudWatch Log Metric Filter checking found: {\n  CreationTime: 1612336899516,\n  FilterName: \"CheckForRoot\",\n  FilterPattern: \"{ $.userIdentity.type = \\\"Root\\\" }\",\n  LogGroupName: \"aws-cloudtrail-mgmtevents-329914591859-4daa8320\",\n  MetricTransformations: [{\n      MetricName: \"MetricCritical\",\n      MetricNamespace: \"CISChecks\",\n      MetricValue: \"1\"\n    }]\n}","time":"2021-02-09T11:21:35Z"}
{"Num":3.3,"Result":"Passed","Test":"CIS","level":"info","msg":"CloudWatch Log Metric Filter checking found: {\n  CreationTime: 1612514568323,\n  FilterName: \"UnauthAccess\",\n  FilterPattern: \"{ ($.errorCode = \\\"*UnauthorizedOperation\\\") || ($.errorCode = \\\"AccessDenied*\\\") }\",\n  LogGroupName: \"aws-cloudtrail-mgmtevents-329914591859-4daa8320\",\n  MetricTransformations: [{\n      MetricName: \"UnauthAccess\",\n      MetricNamespace: \"CISChecks\",\n      MetricValue: \"1\"\n    }]\n}","time":"2021-02-09T11:21:35Z"}
{"Test":"CIS","level":"info","msg":"Test Compliance Completed...CIS AWS Foundations Benchmark controls............","time":"2021-02-09T11:21:35Z"}
{"Test":"Inspector","level":"info","msg":"**************************** AWS Inspector ***********************************","time":"2021-02-09T11:21:35Z"}
{"Test":"Inspector","level":"info","msg":"Test Completed......AWS Inspector...........","time":"2021-02-09T11:21:35Z"}
{"Test":"SecurityHub","level":"info","msg":"**************************** AWS Security Hub *******************************","time":"2021-02-09T11:21:35Z"}
{"Test":"SecurityHub","level":"info","msg":"Not Enabled: ResourceConflictException: Account is already subscribed to Security Hub\n{\n  RespMetadata: {\n    StatusCode: 409,\n    RequestID: \"4305514d-3870-46ac-8242-26b28a1aefb1\"\n  },\n  Code_: \"ResourceConflictException\",\n  Message_: \"Account is already subscribed to Security Hub\"\n}","time":"2021-02-09T11:21:35Z"}
{"Test":"SecurityHub","level":"info","msg":"Enabled","time":"2021-02-09T11:21:35Z"}
{"Test":"SecurityHub","level":"info","msg":"SecurityHub Run...","time":"2021-02-09T11:21:35Z"}
{"Test":"SecurityHub","level":"info","msg":"GetEnabledStandards: [{\n  StandardsArn: \"arn:aws:securityhub:::ruleset/cis-aws-foundations-benchmark/v/1.2.0\",\n  StandardsInput: {\n\n  },\n  StandardsStatus: \"INCOMPLETE\",\n  StandardsSubscriptionArn: \"arn:aws:securityhub:us-east-1:329914591859:subscription/cis-aws-foundations-benchmark/v/1.2.0\"\n} {\n  StandardsArn: \"arn:aws:securityhub:us-east-1::standards/aws-foundational-security-best-practices/v/1.0.0\",\n  StandardsInput: {\n\n  },\n  StandardsStatus: \"READY\",\n  StandardsSubscriptionArn: \"arn:aws:securityhub:us-east-1:329914591859:subscription/aws-foundational-security-best-practices/v/1.0.0\"\n}]","time":"2021-02-09T11:21:36Z"}
{"Test":"SecurityHub","level":"info","msg":"Test Completed......AWS Security Hub............","time":"2021-02-09T11:21:36Z"}
